[17:41:02] {dispatcher.py:527} INFO - Start polling
[17:41:03] {dispatcher.py:341} INFO - Run polling for bot @alina_study2_bot id=8008525618 - 'bot_python_study2'
[17:46:25] {dispatcher.py:527} INFO - Start polling
[17:46:26] {dispatcher.py:341} INFO - Run polling for bot @alina_study2_bot id=8008525618 - 'bot_python_study2'
[17:46:35] {dispatcher.py:172} INFO - Update id=875581635 is not handled. Duration 99 ms by bot id=8008525618
[17:46:35] {dispatcher.py:315} ERROR - Cause exception while process update id=875581635 by bot id=8008525618
TypeError: 'AsyncSession' object is not callable
Traceback (most recent call last):
  File "/home/alina/Documents/alina_other/gil-doc-learn/aio_bot/.venv/lib/python3.13/site-packages/aiogram/dispatcher/dispatcher.py", line 309, in _process_update
    response = await self.feed_update(bot, update, **kwargs)
               ^^^^^^^^^^^^^^^^^^^^^^^^^^^^^^^^^^^^^^^^^^^^^
  File "/home/alina/Documents/alina_other/gil-doc-learn/aio_bot/.venv/lib/python3.13/site-packages/aiogram/dispatcher/dispatcher.py", line 158, in feed_update
    response = await self.update.wrap_outer_middleware(
               ^^^^^^^^^^^^^^^^^^^^^^^^^^^^^^^^^^^^^^^^
    ...<7 lines>...
    )
    ^
  File "/home/alina/Documents/alina_other/gil-doc-learn/aio_bot/.venv/lib/python3.13/site-packages/aiogram/dispatcher/middlewares/error.py", line 25, in __call__
    return await handler(event, data)
           ^^^^^^^^^^^^^^^^^^^^^^^^^^
  File "/home/alina/Documents/alina_other/gil-doc-learn/aio_bot/.venv/lib/python3.13/site-packages/aiogram/dispatcher/middlewares/user_context.py", line 56, in __call__
    return await handler(event, data)
           ^^^^^^^^^^^^^^^^^^^^^^^^^^
  File "/home/alina/Documents/alina_other/gil-doc-learn/aio_bot/.venv/lib/python3.13/site-packages/aiogram/fsm/middleware.py", line 42, in __call__
    return await handler(event, data)
           ^^^^^^^^^^^^^^^^^^^^^^^^^^
  File "/home/alina/Documents/alina_other/gil-doc-learn/aio_bot/.venv/lib/python3.13/site-packages/aiogram/dispatcher/event/telegram.py", line 121, in trigger
    return await wrapped_inner(event, kwargs)
           ^^^^^^^^^^^^^^^^^^^^^^^^^^^^^^^^^^
  File "/home/alina/Documents/alina_other/gil-doc-learn/aio_bot/.venv/lib/python3.13/site-packages/aiogram/dispatcher/event/handler.py", line 43, in call
    return await wrapped()
           ^^^^^^^^^^^^^^^
  File "/home/alina/Documents/alina_other/gil-doc-learn/aio_bot/.venv/lib/python3.13/site-packages/aiogram/dispatcher/dispatcher.py", line 276, in _listen_update
    return await self.propagate_event(update_type=update_type, event=event, **kwargs)
           ^^^^^^^^^^^^^^^^^^^^^^^^^^^^^^^^^^^^^^^^^^^^^^^^^^^^^^^^^^^^^^^^^^^^^^^^^^
  File "/home/alina/Documents/alina_other/gil-doc-learn/aio_bot/.venv/lib/python3.13/site-packages/aiogram/dispatcher/router.py", line 146, in propagate_event
    return await observer.wrap_outer_middleware(_wrapped, event=event, data=kwargs)
           ^^^^^^^^^^^^^^^^^^^^^^^^^^^^^^^^^^^^^^^^^^^^^^^^^^^^^^^^^^^^^^^^^^^^^^^^
  File "/home/alina/Documents/alina_other/gil-doc-learn/aio_bot/.venv/lib/python3.13/site-packages/aiogram/dispatcher/router.py", line 141, in _wrapped
    return await self._propagate_event(
           ^^^^^^^^^^^^^^^^^^^^^^^^^^^^
        observer=observer, update_type=update_type, event=telegram_event, **data
        ^^^^^^^^^^^^^^^^^^^^^^^^^^^^^^^^^^^^^^^^^^^^^^^^^^^^^^^^^^^^^^^^^^^^^^^^
    )
    ^
  File "/home/alina/Documents/alina_other/gil-doc-learn/aio_bot/.venv/lib/python3.13/site-packages/aiogram/dispatcher/router.py", line 166, in _propagate_event
    response = await observer.trigger(event, **kwargs)
               ^^^^^^^^^^^^^^^^^^^^^^^^^^^^^^^^^^^^^^^
  File "/home/alina/Documents/alina_other/gil-doc-learn/aio_bot/.venv/lib/python3.13/site-packages/aiogram/dispatcher/event/telegram.py", line 121, in trigger
    return await wrapped_inner(event, kwargs)
           ^^^^^^^^^^^^^^^^^^^^^^^^^^^^^^^^^^
  File "/home/alina/Documents/alina_other/gil-doc-learn/aio_bot/aio/middlewares.py", line 17, in __call__
    return await handler(event, data)
           ^^^^^^^^^^^^^^^^^^^^^^^^^^
  File "/home/alina/Documents/alina_other/gil-doc-learn/aio_bot/.venv/lib/python3.13/site-packages/aiogram/dispatcher/event/handler.py", line 43, in call
    return await wrapped()
           ^^^^^^^^^^^^^^^
  File "/home/alina/Documents/alina_other/gil-doc-learn/aio_bot/aio/handlers.py", line 23, in echo_handler
    res = await get_from_tg_table(session)
          ^^^^^^^^^^^^^^^^^^^^^^^^^^^^^^^^
  File "/home/alina/Documents/alina_other/gil-doc-learn/aio_bot/aio/utils.py", line 30, in get_from_tg_table
    return (await session(select(TgModel))).scalars().all()
                  ~~~~~~~^^^^^^^^^^^^^^^^^
TypeError: 'AsyncSession' object is not callable
[17:48:27] {dispatcher.py:527} INFO - Start polling
[17:48:28] {dispatcher.py:341} INFO - Run polling for bot @alina_study2_bot id=8008525618 - 'bot_python_study2'
[17:48:29] {base.py:1843} INFO - select pg_catalog.version()
[17:48:29] {base.py:1843} INFO - [raw sql] ()
[17:48:29] {base.py:1843} INFO - select current_schema()
[17:48:29] {base.py:1843} INFO - [raw sql] ()
[17:48:29] {base.py:1843} INFO - show standard_conforming_strings
[17:48:29] {base.py:1843} INFO - [raw sql] ()
[17:48:29] {base.py:2699} INFO - BEGIN (implicit)
[17:48:29] {base.py:1843} INFO - SELECT tg_data.id, tg_data.chat_id, tg_data.status 
FROM tg_data
[17:48:29] {base.py:1843} INFO - [generated in 0.00085s] ()
[15:55:32] {selector_events.py:64} DEBUG - Using selector: EpollSelector
[15:55:32] {selector_events.py:64} DEBUG - Using selector: EpollSelector
[15:55:32] {base_events.py:919} DEBUG - Get address info localhost:5432, type=<SocketKind.SOCK_STREAM: 1>
[15:55:32] {base_events.py:929} DEBUG - Getting address info localhost:5432, type=<SocketKind.SOCK_STREAM: 1> took 1.909ms: [(<AddressFamily.AF_INET6: 10>, <SocketKind.SOCK_STREAM: 1>, 6, '', ('::1', 5432, 0, 0)), (<AddressFamily.AF_INET: 2>, <SocketKind.SOCK_STREAM: 1>, 6, '', ('127.0.0.1', 5432))]
[15:55:32] {base_events.py:1209} DEBUG - <asyncio.TransportSocket fd=13, family=10, type=1, proto=6, laddr=('::1', 55852, 0, 0), raddr=('::1', 5432, 0, 0)> connected to localhost:5432: (<_SelectorSocketTransport fd=13 read=polling write=<idle, bufsize=0>>, <asyncpg.connect_utils.TLSUpgradeProto object at 0x7fa0a09cc2f0>)
[15:55:32] {base.py:1843} INFO - select pg_catalog.version()
[15:55:32] {base.py:1843} INFO - [raw sql] ()
[15:55:32] {base.py:1843} INFO - select current_schema()
[15:55:32] {base.py:1843} INFO - [raw sql] ()
[15:55:32] {base.py:1843} INFO - show standard_conforming_strings
[15:55:32] {base.py:1843} INFO - [raw sql] ()
[15:55:32] {base.py:2699} INFO - BEGIN (implicit)
[15:55:32] {base.py:1843} INFO - SELECT pg_catalog.pg_class.relname 
FROM pg_catalog.pg_class JOIN pg_catalog.pg_namespace ON pg_catalog.pg_namespace.oid = pg_catalog.pg_class.relnamespace 
WHERE pg_catalog.pg_class.relname = $1::VARCHAR AND pg_catalog.pg_class.relkind = ANY (ARRAY[$2::VARCHAR, $3::VARCHAR, $4::VARCHAR, $5::VARCHAR, $6::VARCHAR]) AND pg_catalog.pg_table_is_visible(pg_catalog.pg_class.oid) AND pg_catalog.pg_namespace.nspname != $7::VARCHAR
[15:55:32] {base.py:1843} INFO - [generated in 0.00043s] ('tg_data', 'r', 'p', 'f', 'v', 'm', 'pg_catalog')
[15:55:32] {base.py:1843} INFO - 
DROP TABLE tg_data
[15:55:32] {base.py:1843} INFO - [no key 0.00038s] ()
[15:55:32] {base.py:1843} INFO - SELECT pg_catalog.pg_class.relname 
FROM pg_catalog.pg_class JOIN pg_catalog.pg_namespace ON pg_catalog.pg_namespace.oid = pg_catalog.pg_class.relnamespace 
WHERE pg_catalog.pg_class.relname = $1::VARCHAR AND pg_catalog.pg_class.relkind = ANY (ARRAY[$2::VARCHAR, $3::VARCHAR, $4::VARCHAR, $5::VARCHAR, $6::VARCHAR]) AND pg_catalog.pg_table_is_visible(pg_catalog.pg_class.oid) AND pg_catalog.pg_namespace.nspname != $7::VARCHAR
[15:55:32] {base.py:1843} INFO - [cached since 0.01412s ago] ('tg_data', 'r', 'p', 'f', 'v', 'm', 'pg_catalog')
[15:55:32] {base.py:1843} INFO - 
CREATE TABLE tg_data (
	id SERIAL NOT NULL, 
	chat_id INTEGER NOT NULL, 
	status VARCHAR(50), 
	PRIMARY KEY (id)
)


[15:55:32] {base.py:1843} INFO - [no key 0.00035s] ()
[15:55:32] {base.py:2705} INFO - COMMIT
[15:55:32] {base.py:2699} INFO - BEGIN (implicit)
[15:55:32] {base.py:1843} INFO - SELECT tg_data.id, tg_data.chat_id, tg_data.status 
FROM tg_data
[15:55:32] {base.py:1843} INFO - [generated in 0.01091s] ()
[15:55:32] {base.py:2702} INFO - ROLLBACK
[15:55:32] {selector_events.py:1028} DEBUG - <_SelectorSocketTransport fd=13 read=polling write=<idle, bufsize=0>> received EOF
[15:55:32] {base_events.py:748} DEBUG - Close <_UnixSelectorEventLoop running=False closed=False debug=True>
[15:57:49] {selector_events.py:64} DEBUG - Using selector: EpollSelector
[15:57:49] {selector_events.py:64} DEBUG - Using selector: EpollSelector
[15:57:50] {base_events.py:2045} WARNING - Executing <Task finished name='Task-1' coro=<_wrap_asyncgen_fixture.<locals>._asyncgen_fixture_wrapper.<locals>.setup() done, defined at /home/alina/Documents/alina_other/gil-doc-learn/aio_bot/.venv/lib/python3.13/site-packages/pytest_asyncio/plugin.py:308> result=<sqlalchemy.e...x7ffbae2f7590> created at /home/alina/.local/share/uv/python/cpython-3.13.11-linux-x86_64-gnu/lib/python3.13/asyncio/runners.py:100> took 0.159 seconds
[15:57:50] {base_events.py:919} DEBUG - Get address info localhost:5432, type=<SocketKind.SOCK_STREAM: 1>
[15:57:50] {base_events.py:929} DEBUG - Getting address info localhost:5432, type=<SocketKind.SOCK_STREAM: 1> took 1.413ms: [(<AddressFamily.AF_INET6: 10>, <SocketKind.SOCK_STREAM: 1>, 6, '', ('::1', 5432, 0, 0)), (<AddressFamily.AF_INET: 2>, <SocketKind.SOCK_STREAM: 1>, 6, '', ('127.0.0.1', 5432))]
[15:57:50] {base_events.py:1209} DEBUG - <asyncio.TransportSocket fd=14, family=10, type=1, proto=6, laddr=('::1', 55954, 0, 0), raddr=('::1', 5432, 0, 0)> connected to localhost:5432: (<_SelectorSocketTransport fd=14 read=polling write=<idle, bufsize=0>>, <asyncpg.connect_utils.TLSUpgradeProto object at 0x7ffbadd98440>)
[15:57:50] {base.py:1843} INFO - select pg_catalog.version()
[15:57:50] {base.py:1843} INFO - [raw sql] ()
[15:57:50] {base.py:1843} INFO - select current_schema()
[15:57:50] {base.py:1843} INFO - [raw sql] ()
[15:57:50] {base.py:1843} INFO - show standard_conforming_strings
[15:57:50] {base.py:1843} INFO - [raw sql] ()
[15:57:50] {base.py:2699} INFO - BEGIN (implicit)
[15:57:50] {base.py:1843} INFO - SELECT pg_catalog.pg_class.relname 
FROM pg_catalog.pg_class JOIN pg_catalog.pg_namespace ON pg_catalog.pg_namespace.oid = pg_catalog.pg_class.relnamespace 
WHERE pg_catalog.pg_class.relname = $1::VARCHAR AND pg_catalog.pg_class.relkind = ANY (ARRAY[$2::VARCHAR, $3::VARCHAR, $4::VARCHAR, $5::VARCHAR, $6::VARCHAR]) AND pg_catalog.pg_table_is_visible(pg_catalog.pg_class.oid) AND pg_catalog.pg_namespace.nspname != $7::VARCHAR
[15:57:50] {base.py:1843} INFO - [generated in 0.00109s] ('tg_data', 'r', 'p', 'f', 'v', 'm', 'pg_catalog')
[15:57:50] {base.py:1843} INFO - 
DROP TABLE tg_data
[15:57:50] {base.py:1843} INFO - [no key 0.00040s] ()
[15:57:50] {base.py:1843} INFO - SELECT pg_catalog.pg_class.relname 
FROM pg_catalog.pg_class JOIN pg_catalog.pg_namespace ON pg_catalog.pg_namespace.oid = pg_catalog.pg_class.relnamespace 
WHERE pg_catalog.pg_class.relname = $1::VARCHAR AND pg_catalog.pg_class.relkind = ANY (ARRAY[$2::VARCHAR, $3::VARCHAR, $4::VARCHAR, $5::VARCHAR, $6::VARCHAR]) AND pg_catalog.pg_table_is_visible(pg_catalog.pg_class.oid) AND pg_catalog.pg_namespace.nspname != $7::VARCHAR
[15:57:50] {base.py:1843} INFO - [cached since 0.01666s ago] ('tg_data', 'r', 'p', 'f', 'v', 'm', 'pg_catalog')
[15:57:50] {base.py:1843} INFO - 
CREATE TABLE tg_data (
	id SERIAL NOT NULL, 
	chat_id INTEGER NOT NULL, 
	status VARCHAR(50), 
	PRIMARY KEY (id)
)


[15:57:50] {base.py:1843} INFO - [no key 0.00069s] ()
[15:57:50] {base.py:2705} INFO - COMMIT
[15:57:50] {base.py:2699} INFO - BEGIN (implicit)
[15:57:50] {base.py:1843} INFO - SELECT tg_data.id, tg_data.chat_id, tg_data.status 
FROM tg_data
[15:57:50] {base.py:1843} INFO - [generated in 0.00034s] ()
[15:58:17] {selector_events.py:64} DEBUG - Using selector: EpollSelector
[15:58:17] {selector_events.py:64} DEBUG - Using selector: EpollSelector
[15:58:17] {base_events.py:919} DEBUG - Get address info localhost:5432, type=<SocketKind.SOCK_STREAM: 1>
[15:58:17] {base_events.py:929} DEBUG - Getting address info localhost:5432, type=<SocketKind.SOCK_STREAM: 1> took 1.616ms: [(<AddressFamily.AF_INET6: 10>, <SocketKind.SOCK_STREAM: 1>, 6, '', ('::1', 5432, 0, 0)), (<AddressFamily.AF_INET: 2>, <SocketKind.SOCK_STREAM: 1>, 6, '', ('127.0.0.1', 5432))]
[15:58:17] {base_events.py:1209} DEBUG - <asyncio.TransportSocket fd=13, family=10, type=1, proto=6, laddr=('::1', 50930, 0, 0), raddr=('::1', 5432, 0, 0)> connected to localhost:5432: (<_SelectorSocketTransport fd=13 read=polling write=<idle, bufsize=0>>, <asyncpg.connect_utils.TLSUpgradeProto object at 0x7f2ce7ed82f0>)
[15:58:17] {base.py:1843} INFO - select pg_catalog.version()
[15:58:17] {base.py:1843} INFO - [raw sql] ()
[15:58:17] {base.py:1843} INFO - select current_schema()
[15:58:17] {base.py:1843} INFO - [raw sql] ()
[15:58:17] {base.py:1843} INFO - show standard_conforming_strings
[15:58:17] {base.py:1843} INFO - [raw sql] ()
[15:58:17] {base.py:2699} INFO - BEGIN (implicit)
[15:58:17] {base.py:1843} INFO - SELECT pg_catalog.pg_class.relname 
FROM pg_catalog.pg_class JOIN pg_catalog.pg_namespace ON pg_catalog.pg_namespace.oid = pg_catalog.pg_class.relnamespace 
WHERE pg_catalog.pg_class.relname = $1::VARCHAR AND pg_catalog.pg_class.relkind = ANY (ARRAY[$2::VARCHAR, $3::VARCHAR, $4::VARCHAR, $5::VARCHAR, $6::VARCHAR]) AND pg_catalog.pg_table_is_visible(pg_catalog.pg_class.oid) AND pg_catalog.pg_namespace.nspname != $7::VARCHAR
[15:58:17] {base.py:1843} INFO - [generated in 0.00045s] ('tg_data', 'r', 'p', 'f', 'v', 'm', 'pg_catalog')
[15:58:17] {base.py:1843} INFO - 
DROP TABLE tg_data
[15:58:17] {base.py:1843} INFO - [no key 0.00029s] ()
[15:58:17] {base.py:1843} INFO - SELECT pg_catalog.pg_class.relname 
FROM pg_catalog.pg_class JOIN pg_catalog.pg_namespace ON pg_catalog.pg_namespace.oid = pg_catalog.pg_class.relnamespace 
WHERE pg_catalog.pg_class.relname = $1::VARCHAR AND pg_catalog.pg_class.relkind = ANY (ARRAY[$2::VARCHAR, $3::VARCHAR, $4::VARCHAR, $5::VARCHAR, $6::VARCHAR]) AND pg_catalog.pg_table_is_visible(pg_catalog.pg_class.oid) AND pg_catalog.pg_namespace.nspname != $7::VARCHAR
[15:58:17] {base.py:1843} INFO - [cached since 0.01167s ago] ('tg_data', 'r', 'p', 'f', 'v', 'm', 'pg_catalog')
[15:58:17] {base.py:1843} INFO - 
CREATE TABLE tg_data (
	id SERIAL NOT NULL, 
	chat_id INTEGER NOT NULL, 
	status VARCHAR(50), 
	PRIMARY KEY (id)
)


[15:58:17] {base.py:1843} INFO - [no key 0.00041s] ()
[15:58:17] {base.py:2705} INFO - COMMIT
[15:58:17] {base.py:2699} INFO - BEGIN (implicit)
[15:58:17] {base.py:1843} INFO - SELECT tg_data.id, tg_data.chat_id, tg_data.status 
FROM tg_data
[15:58:17] {base.py:1843} INFO - [generated in 0.01105s] ()
[15:58:17] {base.py:2702} INFO - ROLLBACK
[15:58:17] {selector_events.py:1028} DEBUG - <_SelectorSocketTransport fd=13 read=polling write=<idle, bufsize=0>> received EOF
[15:58:17] {base_events.py:748} DEBUG - Close <_UnixSelectorEventLoop running=False closed=False debug=True>
[16:03:26] {selector_events.py:64} DEBUG - Using selector: EpollSelector
[16:03:26] {selector_events.py:64} DEBUG - Using selector: EpollSelector
[16:03:26] {base_events.py:919} DEBUG - Get address info localhost:5432, type=<SocketKind.SOCK_STREAM: 1>
[16:03:26] {base_events.py:929} DEBUG - Getting address info localhost:5432, type=<SocketKind.SOCK_STREAM: 1> took 1.866ms: [(<AddressFamily.AF_INET6: 10>, <SocketKind.SOCK_STREAM: 1>, 6, '', ('::1', 5432, 0, 0)), (<AddressFamily.AF_INET: 2>, <SocketKind.SOCK_STREAM: 1>, 6, '', ('127.0.0.1', 5432))]
[16:03:26] {base_events.py:1209} DEBUG - <asyncio.TransportSocket fd=13, family=10, type=1, proto=6, laddr=('::1', 37736, 0, 0), raddr=('::1', 5432, 0, 0)> connected to localhost:5432: (<_SelectorSocketTransport fd=13 read=polling write=<idle, bufsize=0>>, <asyncpg.connect_utils.TLSUpgradeProto object at 0x7f7474329400>)
[16:03:26] {base.py:1843} INFO - select pg_catalog.version()
[16:03:26] {base.py:1843} INFO - [raw sql] ()
[16:03:26] {base.py:1843} INFO - select current_schema()
[16:03:26] {base.py:1843} INFO - [raw sql] ()
[16:03:26] {base.py:1843} INFO - show standard_conforming_strings
[16:03:26] {base.py:1843} INFO - [raw sql] ()
[16:03:26] {base.py:2699} INFO - BEGIN (implicit)
[16:03:26] {base.py:1843} INFO - SELECT pg_catalog.pg_class.relname 
FROM pg_catalog.pg_class JOIN pg_catalog.pg_namespace ON pg_catalog.pg_namespace.oid = pg_catalog.pg_class.relnamespace 
WHERE pg_catalog.pg_class.relname = $1::VARCHAR AND pg_catalog.pg_class.relkind = ANY (ARRAY[$2::VARCHAR, $3::VARCHAR, $4::VARCHAR, $5::VARCHAR, $6::VARCHAR]) AND pg_catalog.pg_table_is_visible(pg_catalog.pg_class.oid) AND pg_catalog.pg_namespace.nspname != $7::VARCHAR
[16:03:26] {base.py:1843} INFO - [generated in 0.00066s] ('tg_data', 'r', 'p', 'f', 'v', 'm', 'pg_catalog')
[16:03:26] {base.py:1843} INFO - 
DROP TABLE tg_data
[16:03:26] {base.py:1843} INFO - [no key 0.00067s] ()
[16:03:26] {base.py:1843} INFO - SELECT pg_catalog.pg_class.relname 
FROM pg_catalog.pg_class JOIN pg_catalog.pg_namespace ON pg_catalog.pg_namespace.oid = pg_catalog.pg_class.relnamespace 
WHERE pg_catalog.pg_class.relname = $1::VARCHAR AND pg_catalog.pg_class.relkind = ANY (ARRAY[$2::VARCHAR, $3::VARCHAR, $4::VARCHAR, $5::VARCHAR, $6::VARCHAR]) AND pg_catalog.pg_table_is_visible(pg_catalog.pg_class.oid) AND pg_catalog.pg_namespace.nspname != $7::VARCHAR
[16:03:26] {base.py:1843} INFO - [cached since 0.01574s ago] ('tg_data', 'r', 'p', 'f', 'v', 'm', 'pg_catalog')
[16:03:26] {base.py:1843} INFO - 
CREATE TABLE tg_data (
	id SERIAL NOT NULL, 
	chat_id INTEGER NOT NULL, 
	status VARCHAR(50), 
	PRIMARY KEY (id)
)


[16:03:26] {base.py:1843} INFO - [no key 0.00040s] ()
[16:03:26] {base.py:2705} INFO - COMMIT
[16:03:26] {selector_events.py:1028} DEBUG - <_SelectorSocketTransport fd=13 read=polling write=<idle, bufsize=0>> received EOF
[16:03:26] {base_events.py:748} DEBUG - Close <_UnixSelectorEventLoop running=False closed=False debug=True>
[16:03:55] {selector_events.py:64} DEBUG - Using selector: EpollSelector
[16:03:55] {selector_events.py:64} DEBUG - Using selector: EpollSelector
[16:03:55] {base_events.py:919} DEBUG - Get address info localhost:5432, type=<SocketKind.SOCK_STREAM: 1>
[16:03:55] {base_events.py:929} DEBUG - Getting address info localhost:5432, type=<SocketKind.SOCK_STREAM: 1> took 1.728ms: [(<AddressFamily.AF_INET6: 10>, <SocketKind.SOCK_STREAM: 1>, 6, '', ('::1', 5432, 0, 0)), (<AddressFamily.AF_INET: 2>, <SocketKind.SOCK_STREAM: 1>, 6, '', ('127.0.0.1', 5432))]
[16:03:55] {base_events.py:1209} DEBUG - <asyncio.TransportSocket fd=13, family=10, type=1, proto=6, laddr=('::1', 39006, 0, 0), raddr=('::1', 5432, 0, 0)> connected to localhost:5432: (<_SelectorSocketTransport fd=13 read=polling write=<idle, bufsize=0>>, <asyncpg.connect_utils.TLSUpgradeProto object at 0x7f053ed11400>)
[16:03:55] {base.py:1843} INFO - select pg_catalog.version()
[16:03:55] {base.py:1843} INFO - [raw sql] ()
[16:03:55] {base.py:1843} INFO - select current_schema()
[16:03:55] {base.py:1843} INFO - [raw sql] ()
[16:03:55] {base.py:1843} INFO - show standard_conforming_strings
[16:03:55] {base.py:1843} INFO - [raw sql] ()
[16:03:55] {base.py:2699} INFO - BEGIN (implicit)
[16:03:55] {base.py:1843} INFO - SELECT pg_catalog.pg_class.relname 
FROM pg_catalog.pg_class JOIN pg_catalog.pg_namespace ON pg_catalog.pg_namespace.oid = pg_catalog.pg_class.relnamespace 
WHERE pg_catalog.pg_class.relname = $1::VARCHAR AND pg_catalog.pg_class.relkind = ANY (ARRAY[$2::VARCHAR, $3::VARCHAR, $4::VARCHAR, $5::VARCHAR, $6::VARCHAR]) AND pg_catalog.pg_table_is_visible(pg_catalog.pg_class.oid) AND pg_catalog.pg_namespace.nspname != $7::VARCHAR
[16:03:55] {base.py:1843} INFO - [generated in 0.00082s] ('tg_data', 'r', 'p', 'f', 'v', 'm', 'pg_catalog')
[16:03:55] {base.py:1843} INFO - 
DROP TABLE tg_data
[16:03:55] {base.py:1843} INFO - [no key 0.00056s] ()
[16:03:55] {base.py:1843} INFO - SELECT pg_catalog.pg_class.relname 
FROM pg_catalog.pg_class JOIN pg_catalog.pg_namespace ON pg_catalog.pg_namespace.oid = pg_catalog.pg_class.relnamespace 
WHERE pg_catalog.pg_class.relname = $1::VARCHAR AND pg_catalog.pg_class.relkind = ANY (ARRAY[$2::VARCHAR, $3::VARCHAR, $4::VARCHAR, $5::VARCHAR, $6::VARCHAR]) AND pg_catalog.pg_table_is_visible(pg_catalog.pg_class.oid) AND pg_catalog.pg_namespace.nspname != $7::VARCHAR
[16:03:55] {base.py:1843} INFO - [cached since 0.01833s ago] ('tg_data', 'r', 'p', 'f', 'v', 'm', 'pg_catalog')
[16:03:55] {base.py:1843} INFO - 
CREATE TABLE tg_data (
	id SERIAL NOT NULL, 
	chat_id INTEGER NOT NULL, 
	status VARCHAR(50), 
	PRIMARY KEY (id)
)


[16:03:55] {base.py:1843} INFO - [no key 0.00044s] ()
[16:03:55] {base.py:2705} INFO - COMMIT
[16:03:55] {base.py:2699} INFO - BEGIN (implicit)
[16:03:55] {base.py:1843} INFO - INSERT INTO tg_data (id, chat_id, status) VALUES ($1::INTEGER, $2::INTEGER, $3::VARCHAR)
[16:03:55] {base.py:1843} INFO - [generated in 0.00054s] (1, '1', None)
[16:03:55] {base.py:2702} INFO - ROLLBACK
[16:03:56] {selector_events.py:1028} DEBUG - <_SelectorSocketTransport fd=13 read=polling write=<idle, bufsize=0>> received EOF
[16:03:56] {base_events.py:748} DEBUG - Close <_UnixSelectorEventLoop running=False closed=False debug=True>
[16:04:22] {selector_events.py:64} DEBUG - Using selector: EpollSelector
[16:04:22] {selector_events.py:64} DEBUG - Using selector: EpollSelector
[16:04:22] {base_events.py:919} DEBUG - Get address info localhost:5432, type=<SocketKind.SOCK_STREAM: 1>
[16:04:22] {base_events.py:929} DEBUG - Getting address info localhost:5432, type=<SocketKind.SOCK_STREAM: 1> took 1.789ms: [(<AddressFamily.AF_INET6: 10>, <SocketKind.SOCK_STREAM: 1>, 6, '', ('::1', 5432, 0, 0)), (<AddressFamily.AF_INET: 2>, <SocketKind.SOCK_STREAM: 1>, 6, '', ('127.0.0.1', 5432))]
[16:04:22] {base_events.py:1209} DEBUG - <asyncio.TransportSocket fd=13, family=10, type=1, proto=6, laddr=('::1', 51058, 0, 0), raddr=('::1', 5432, 0, 0)> connected to localhost:5432: (<_SelectorSocketTransport fd=13 read=polling write=<idle, bufsize=0>>, <asyncpg.connect_utils.TLSUpgradeProto object at 0x7f90d7025400>)
[16:04:22] {base.py:1843} INFO - select pg_catalog.version()
[16:04:22] {base.py:1843} INFO - [raw sql] ()
[16:04:22] {base.py:1843} INFO - select current_schema()
[16:04:22] {base.py:1843} INFO - [raw sql] ()
[16:04:22] {base.py:1843} INFO - show standard_conforming_strings
[16:04:22] {base.py:1843} INFO - [raw sql] ()
[16:04:22] {base.py:2699} INFO - BEGIN (implicit)
[16:04:22] {base.py:1843} INFO - SELECT pg_catalog.pg_class.relname 
FROM pg_catalog.pg_class JOIN pg_catalog.pg_namespace ON pg_catalog.pg_namespace.oid = pg_catalog.pg_class.relnamespace 
WHERE pg_catalog.pg_class.relname = $1::VARCHAR AND pg_catalog.pg_class.relkind = ANY (ARRAY[$2::VARCHAR, $3::VARCHAR, $4::VARCHAR, $5::VARCHAR, $6::VARCHAR]) AND pg_catalog.pg_table_is_visible(pg_catalog.pg_class.oid) AND pg_catalog.pg_namespace.nspname != $7::VARCHAR
[16:04:22] {base.py:1843} INFO - [generated in 0.00042s] ('tg_data', 'r', 'p', 'f', 'v', 'm', 'pg_catalog')
[16:04:22] {base.py:1843} INFO - 
DROP TABLE tg_data
[16:04:22] {base.py:1843} INFO - [no key 0.00032s] ()
[16:04:22] {base.py:1843} INFO - SELECT pg_catalog.pg_class.relname 
FROM pg_catalog.pg_class JOIN pg_catalog.pg_namespace ON pg_catalog.pg_namespace.oid = pg_catalog.pg_class.relnamespace 
WHERE pg_catalog.pg_class.relname = $1::VARCHAR AND pg_catalog.pg_class.relkind = ANY (ARRAY[$2::VARCHAR, $3::VARCHAR, $4::VARCHAR, $5::VARCHAR, $6::VARCHAR]) AND pg_catalog.pg_table_is_visible(pg_catalog.pg_class.oid) AND pg_catalog.pg_namespace.nspname != $7::VARCHAR
[16:04:22] {base.py:1843} INFO - [cached since 0.01002s ago] ('tg_data', 'r', 'p', 'f', 'v', 'm', 'pg_catalog')
[16:04:22] {base.py:1843} INFO - 
CREATE TABLE tg_data (
	id SERIAL NOT NULL, 
	chat_id INTEGER NOT NULL, 
	status VARCHAR(50), 
	PRIMARY KEY (id)
)


[16:04:22] {base.py:1843} INFO - [no key 0.00028s] ()
[16:04:22] {base.py:2705} INFO - COMMIT
[16:04:22] {base.py:2699} INFO - BEGIN (implicit)
[16:04:22] {base.py:1843} INFO - INSERT INTO tg_data (id, chat_id, status) VALUES ($1::INTEGER, $2::INTEGER, $3::VARCHAR)
[16:04:22] {base.py:1843} INFO - [generated in 0.00116s] (1, 567, None)
[16:04:22] {base.py:2705} INFO - COMMIT
[16:04:22] {base.py:2699} INFO - BEGIN (implicit)
[16:04:22] {base.py:1843} INFO - SELECT tg_data.id, tg_data.chat_id, tg_data.status 
FROM tg_data
[16:04:22] {base.py:1843} INFO - [generated in 0.00051s] ()
[16:04:22] {base.py:2702} INFO - ROLLBACK
[16:04:22] {selector_events.py:1028} DEBUG - <_SelectorSocketTransport fd=13 read=polling write=<idle, bufsize=0>> received EOF
[16:04:22] {base_events.py:748} DEBUG - Close <_UnixSelectorEventLoop running=False closed=False debug=True>
[16:07:32] {selector_events.py:64} DEBUG - Using selector: EpollSelector
[16:07:32] {selector_events.py:64} DEBUG - Using selector: EpollSelector
[16:07:32] {base_events.py:919} DEBUG - Get address info localhost:5432, type=<SocketKind.SOCK_STREAM: 1>
[16:07:32] {base_events.py:929} DEBUG - Getting address info localhost:5432, type=<SocketKind.SOCK_STREAM: 1> took 2.233ms: [(<AddressFamily.AF_INET6: 10>, <SocketKind.SOCK_STREAM: 1>, 6, '', ('::1', 5432, 0, 0)), (<AddressFamily.AF_INET: 2>, <SocketKind.SOCK_STREAM: 1>, 6, '', ('127.0.0.1', 5432))]
[16:07:32] {base_events.py:1209} DEBUG - <asyncio.TransportSocket fd=13, family=10, type=1, proto=6, laddr=('::1', 56738, 0, 0), raddr=('::1', 5432, 0, 0)> connected to localhost:5432: (<_SelectorSocketTransport fd=13 read=polling write=<idle, bufsize=0>>, <asyncpg.connect_utils.TLSUpgradeProto object at 0x7f40d9f29400>)
[16:07:32] {base.py:1843} INFO - select pg_catalog.version()
[16:07:32] {base.py:1843} INFO - [raw sql] ()
[16:07:32] {base.py:1843} INFO - select current_schema()
[16:07:32] {base.py:1843} INFO - [raw sql] ()
[16:07:32] {base.py:1843} INFO - show standard_conforming_strings
[16:07:32] {base.py:1843} INFO - [raw sql] ()
[16:07:32] {base.py:2699} INFO - BEGIN (implicit)
[16:07:32] {base.py:1843} INFO - SELECT pg_catalog.pg_class.relname 
FROM pg_catalog.pg_class JOIN pg_catalog.pg_namespace ON pg_catalog.pg_namespace.oid = pg_catalog.pg_class.relnamespace 
WHERE pg_catalog.pg_class.relname = $1::VARCHAR AND pg_catalog.pg_class.relkind = ANY (ARRAY[$2::VARCHAR, $3::VARCHAR, $4::VARCHAR, $5::VARCHAR, $6::VARCHAR]) AND pg_catalog.pg_table_is_visible(pg_catalog.pg_class.oid) AND pg_catalog.pg_namespace.nspname != $7::VARCHAR
[16:07:32] {base.py:1843} INFO - [generated in 0.00054s] ('tg_data', 'r', 'p', 'f', 'v', 'm', 'pg_catalog')
[16:07:32] {base.py:1843} INFO - 
DROP TABLE tg_data
[16:07:32] {base.py:1843} INFO - [no key 0.00038s] ()
[16:07:32] {base.py:1843} INFO - SELECT pg_catalog.pg_class.relname 
FROM pg_catalog.pg_class JOIN pg_catalog.pg_namespace ON pg_catalog.pg_namespace.oid = pg_catalog.pg_class.relnamespace 
WHERE pg_catalog.pg_class.relname = $1::VARCHAR AND pg_catalog.pg_class.relkind = ANY (ARRAY[$2::VARCHAR, $3::VARCHAR, $4::VARCHAR, $5::VARCHAR, $6::VARCHAR]) AND pg_catalog.pg_table_is_visible(pg_catalog.pg_class.oid) AND pg_catalog.pg_namespace.nspname != $7::VARCHAR
[16:07:32] {base.py:1843} INFO - [cached since 0.01272s ago] ('tg_data', 'r', 'p', 'f', 'v', 'm', 'pg_catalog')
[16:07:32] {base.py:1843} INFO - 
CREATE TABLE tg_data (
	id SERIAL NOT NULL, 
	chat_id INTEGER NOT NULL, 
	status VARCHAR(50), 
	PRIMARY KEY (id)
)


[16:07:32] {base.py:1843} INFO - [no key 0.00041s] ()
[16:07:32] {base.py:2705} INFO - COMMIT
[16:07:32] {base.py:2699} INFO - BEGIN (implicit)
[16:07:32] {base.py:1843} INFO - INSERT INTO tg_data (id, chat_id, status) VALUES ($1::INTEGER, $2::INTEGER, $3::VARCHAR)
[16:07:32] {base.py:1843} INFO - [generated in 0.00077s] (1, 567, None)
[16:07:32] {base.py:2705} INFO - COMMIT
[16:07:32] {base.py:2699} INFO - BEGIN (implicit)
[16:07:32] {base.py:1843} INFO - SELECT tg_data.id, tg_data.chat_id, tg_data.status 
FROM tg_data
[16:07:32] {base.py:1843} INFO - [generated in 0.00061s] ()
[16:07:32] {base.py:2702} INFO - ROLLBACK
[16:07:32] {selector_events.py:1028} DEBUG - <_SelectorSocketTransport fd=13 read=polling write=<idle, bufsize=0>> received EOF
[16:07:32] {base_events.py:748} DEBUG - Close <_UnixSelectorEventLoop running=False closed=False debug=True>
[16:09:22] {selector_events.py:64} DEBUG - Using selector: EpollSelector
[16:09:22] {selector_events.py:64} DEBUG - Using selector: EpollSelector
[16:09:22] {base_events.py:919} DEBUG - Get address info localhost:5432, type=<SocketKind.SOCK_STREAM: 1>
[16:09:22] {base_events.py:929} DEBUG - Getting address info localhost:5432, type=<SocketKind.SOCK_STREAM: 1> took 1.413ms: [(<AddressFamily.AF_INET6: 10>, <SocketKind.SOCK_STREAM: 1>, 6, '', ('::1', 5432, 0, 0)), (<AddressFamily.AF_INET: 2>, <SocketKind.SOCK_STREAM: 1>, 6, '', ('127.0.0.1', 5432))]
[16:09:22] {base_events.py:1209} DEBUG - <asyncio.TransportSocket fd=13, family=10, type=1, proto=6, laddr=('::1', 58072, 0, 0), raddr=('::1', 5432, 0, 0)> connected to localhost:5432: (<_SelectorSocketTransport fd=13 read=polling write=<idle, bufsize=0>>, <asyncpg.connect_utils.TLSUpgradeProto object at 0x7f5168225400>)
[16:09:22] {base.py:1843} INFO - select pg_catalog.version()
[16:09:22] {base.py:1843} INFO - [raw sql] ()
[16:09:22] {base.py:1843} INFO - select current_schema()
[16:09:22] {base.py:1843} INFO - [raw sql] ()
[16:09:22] {base.py:1843} INFO - show standard_conforming_strings
[16:09:22] {base.py:1843} INFO - [raw sql] ()
[16:09:22] {base.py:2699} INFO - BEGIN (implicit)
[16:09:22] {base.py:1843} INFO - SELECT pg_catalog.pg_class.relname 
FROM pg_catalog.pg_class JOIN pg_catalog.pg_namespace ON pg_catalog.pg_namespace.oid = pg_catalog.pg_class.relnamespace 
WHERE pg_catalog.pg_class.relname = $1::VARCHAR AND pg_catalog.pg_class.relkind = ANY (ARRAY[$2::VARCHAR, $3::VARCHAR, $4::VARCHAR, $5::VARCHAR, $6::VARCHAR]) AND pg_catalog.pg_table_is_visible(pg_catalog.pg_class.oid) AND pg_catalog.pg_namespace.nspname != $7::VARCHAR
[16:09:22] {base.py:1843} INFO - [generated in 0.00045s] ('tg_data', 'r', 'p', 'f', 'v', 'm', 'pg_catalog')
[16:09:22] {base.py:1843} INFO - 
DROP TABLE tg_data
[16:09:22] {base.py:1843} INFO - [no key 0.00039s] ()
[16:09:22] {base.py:1843} INFO - SELECT pg_catalog.pg_class.relname 
FROM pg_catalog.pg_class JOIN pg_catalog.pg_namespace ON pg_catalog.pg_namespace.oid = pg_catalog.pg_class.relnamespace 
WHERE pg_catalog.pg_class.relname = $1::VARCHAR AND pg_catalog.pg_class.relkind = ANY (ARRAY[$2::VARCHAR, $3::VARCHAR, $4::VARCHAR, $5::VARCHAR, $6::VARCHAR]) AND pg_catalog.pg_table_is_visible(pg_catalog.pg_class.oid) AND pg_catalog.pg_namespace.nspname != $7::VARCHAR
[16:09:22] {base.py:1843} INFO - [cached since 0.01584s ago] ('tg_data', 'r', 'p', 'f', 'v', 'm', 'pg_catalog')
[16:09:22] {base.py:1843} INFO - 
CREATE TABLE tg_data (
	id SERIAL NOT NULL, 
	chat_id INTEGER NOT NULL, 
	status VARCHAR(50), 
	PRIMARY KEY (id)
)


[16:09:22] {base.py:1843} INFO - [no key 0.00041s] ()
[16:09:22] {base.py:2705} INFO - COMMIT
[16:09:22] {base.py:2699} INFO - BEGIN (implicit)
[16:09:22] {base.py:1843} INFO - INSERT INTO tg_data (id, chat_id, status) VALUES ($1::INTEGER, $2::INTEGER, $3::VARCHAR)
[16:09:22] {base.py:1843} INFO - [generated in 0.00042s] (1, 567, None)
[16:09:22] {base.py:2705} INFO - COMMIT
[16:09:22] {selector_events.py:1028} DEBUG - <_SelectorSocketTransport fd=13 read=polling write=<idle, bufsize=0>> received EOF
[16:09:22] {base_events.py:748} DEBUG - Close <_UnixSelectorEventLoop running=False closed=False debug=True>
[16:10:15] {selector_events.py:64} DEBUG - Using selector: EpollSelector
[16:10:15] {selector_events.py:64} DEBUG - Using selector: EpollSelector
[16:10:15] {base_events.py:919} DEBUG - Get address info localhost:5432, type=<SocketKind.SOCK_STREAM: 1>
[16:10:15] {base_events.py:929} DEBUG - Getting address info localhost:5432, type=<SocketKind.SOCK_STREAM: 1> took 1.716ms: [(<AddressFamily.AF_INET6: 10>, <SocketKind.SOCK_STREAM: 1>, 6, '', ('::1', 5432, 0, 0)), (<AddressFamily.AF_INET: 2>, <SocketKind.SOCK_STREAM: 1>, 6, '', ('127.0.0.1', 5432))]
[16:10:15] {base_events.py:1209} DEBUG - <asyncio.TransportSocket fd=13, family=10, type=1, proto=6, laddr=('::1', 36572, 0, 0), raddr=('::1', 5432, 0, 0)> connected to localhost:5432: (<_SelectorSocketTransport fd=13 read=polling write=<idle, bufsize=0>>, <asyncpg.connect_utils.TLSUpgradeProto object at 0x7f630ba99400>)
[16:10:15] {base.py:1843} INFO - select pg_catalog.version()
[16:10:15] {base.py:1843} INFO - [raw sql] ()
[16:10:15] {base.py:1843} INFO - select current_schema()
[16:10:15] {base.py:1843} INFO - [raw sql] ()
[16:10:15] {base.py:1843} INFO - show standard_conforming_strings
[16:10:15] {base.py:1843} INFO - [raw sql] ()
[16:10:15] {base.py:2699} INFO - BEGIN (implicit)
[16:10:15] {base.py:1843} INFO - SELECT pg_catalog.pg_class.relname 
FROM pg_catalog.pg_class JOIN pg_catalog.pg_namespace ON pg_catalog.pg_namespace.oid = pg_catalog.pg_class.relnamespace 
WHERE pg_catalog.pg_class.relname = $1::VARCHAR AND pg_catalog.pg_class.relkind = ANY (ARRAY[$2::VARCHAR, $3::VARCHAR, $4::VARCHAR, $5::VARCHAR, $6::VARCHAR]) AND pg_catalog.pg_table_is_visible(pg_catalog.pg_class.oid) AND pg_catalog.pg_namespace.nspname != $7::VARCHAR
[16:10:15] {base.py:1843} INFO - [generated in 0.00047s] ('tg_data', 'r', 'p', 'f', 'v', 'm', 'pg_catalog')
[16:10:15] {base.py:1843} INFO - 
DROP TABLE tg_data
[16:10:15] {base.py:1843} INFO - [no key 0.00029s] ()
[16:10:15] {base.py:1843} INFO - SELECT pg_catalog.pg_class.relname 
FROM pg_catalog.pg_class JOIN pg_catalog.pg_namespace ON pg_catalog.pg_namespace.oid = pg_catalog.pg_class.relnamespace 
WHERE pg_catalog.pg_class.relname = $1::VARCHAR AND pg_catalog.pg_class.relkind = ANY (ARRAY[$2::VARCHAR, $3::VARCHAR, $4::VARCHAR, $5::VARCHAR, $6::VARCHAR]) AND pg_catalog.pg_table_is_visible(pg_catalog.pg_class.oid) AND pg_catalog.pg_namespace.nspname != $7::VARCHAR
[16:10:15] {base.py:1843} INFO - [cached since 0.01097s ago] ('tg_data', 'r', 'p', 'f', 'v', 'm', 'pg_catalog')
[16:10:15] {base.py:1843} INFO - 
CREATE TABLE tg_data (
	id SERIAL NOT NULL, 
	chat_id INTEGER NOT NULL, 
	status VARCHAR(50), 
	PRIMARY KEY (id)
)


[16:10:15] {base.py:1843} INFO - [no key 0.00039s] ()
[16:10:15] {base.py:2705} INFO - COMMIT
[16:10:15] {base.py:2699} INFO - BEGIN (implicit)
[16:10:15] {base.py:1843} INFO - INSERT INTO tg_data (id, chat_id, status) VALUES ($1::INTEGER, $2::INTEGER, $3::VARCHAR)
[16:10:15] {base.py:1843} INFO - [generated in 0.00045s] (1, 567, None)
[16:10:15] {base.py:2705} INFO - COMMIT
[16:10:15] {selector_events.py:1028} DEBUG - <_SelectorSocketTransport fd=13 read=polling write=<idle, bufsize=0>> received EOF
[16:10:15] {base_events.py:748} DEBUG - Close <_UnixSelectorEventLoop running=False closed=False debug=True>
[16:11:36] {selector_events.py:64} DEBUG - Using selector: EpollSelector
[16:11:36] {selector_events.py:64} DEBUG - Using selector: EpollSelector
[16:11:36] {base_events.py:919} DEBUG - Get address info localhost:5432, type=<SocketKind.SOCK_STREAM: 1>
[16:11:36] {base_events.py:929} DEBUG - Getting address info localhost:5432, type=<SocketKind.SOCK_STREAM: 1> took 1.766ms: [(<AddressFamily.AF_INET6: 10>, <SocketKind.SOCK_STREAM: 1>, 6, '', ('::1', 5432, 0, 0)), (<AddressFamily.AF_INET: 2>, <SocketKind.SOCK_STREAM: 1>, 6, '', ('127.0.0.1', 5432))]
[16:11:36] {base_events.py:1209} DEBUG - <asyncio.TransportSocket fd=13, family=10, type=1, proto=6, laddr=('::1', 34336, 0, 0), raddr=('::1', 5432, 0, 0)> connected to localhost:5432: (<_SelectorSocketTransport fd=13 read=polling write=<idle, bufsize=0>>, <asyncpg.connect_utils.TLSUpgradeProto object at 0x7f0224615400>)
[16:11:36] {base.py:1843} INFO - select pg_catalog.version()
[16:11:36] {base.py:1843} INFO - [raw sql] ()
[16:11:36] {base.py:1843} INFO - select current_schema()
[16:11:36] {base.py:1843} INFO - [raw sql] ()
[16:11:36] {base.py:1843} INFO - show standard_conforming_strings
[16:11:36] {base.py:1843} INFO - [raw sql] ()
[16:11:36] {base.py:2699} INFO - BEGIN (implicit)
[16:11:36] {base.py:1843} INFO - SELECT pg_catalog.pg_class.relname 
FROM pg_catalog.pg_class JOIN pg_catalog.pg_namespace ON pg_catalog.pg_namespace.oid = pg_catalog.pg_class.relnamespace 
WHERE pg_catalog.pg_class.relname = $1::VARCHAR AND pg_catalog.pg_class.relkind = ANY (ARRAY[$2::VARCHAR, $3::VARCHAR, $4::VARCHAR, $5::VARCHAR, $6::VARCHAR]) AND pg_catalog.pg_table_is_visible(pg_catalog.pg_class.oid) AND pg_catalog.pg_namespace.nspname != $7::VARCHAR
[16:11:36] {base.py:1843} INFO - [generated in 0.00058s] ('tg_data', 'r', 'p', 'f', 'v', 'm', 'pg_catalog')
[16:11:36] {base.py:1843} INFO - 
DROP TABLE tg_data
[16:11:36] {base.py:1843} INFO - [no key 0.00030s] ()
[16:11:36] {base.py:1843} INFO - SELECT pg_catalog.pg_class.relname 
FROM pg_catalog.pg_class JOIN pg_catalog.pg_namespace ON pg_catalog.pg_namespace.oid = pg_catalog.pg_class.relnamespace 
WHERE pg_catalog.pg_class.relname = $1::VARCHAR AND pg_catalog.pg_class.relkind = ANY (ARRAY[$2::VARCHAR, $3::VARCHAR, $4::VARCHAR, $5::VARCHAR, $6::VARCHAR]) AND pg_catalog.pg_table_is_visible(pg_catalog.pg_class.oid) AND pg_catalog.pg_namespace.nspname != $7::VARCHAR
[16:11:36] {base.py:1843} INFO - [cached since 0.01115s ago] ('tg_data', 'r', 'p', 'f', 'v', 'm', 'pg_catalog')
[16:11:36] {base.py:1843} INFO - 
CREATE TABLE tg_data (
	id SERIAL NOT NULL, 
	chat_id INTEGER NOT NULL, 
	status VARCHAR(50), 
	PRIMARY KEY (id)
)


[16:11:36] {base.py:1843} INFO - [no key 0.00034s] ()
[16:11:36] {base.py:2705} INFO - COMMIT
[16:11:36] {base.py:2699} INFO - BEGIN (implicit)
[16:11:36] {base.py:1843} INFO - INSERT INTO tg_data (id, chat_id, status) VALUES ($1::INTEGER, $2::INTEGER, $3::VARCHAR)
[16:11:36] {base.py:1843} INFO - [generated in 0.00059s] (1, 567, None)
[16:11:36] {base.py:2705} INFO - COMMIT
[16:11:36] {base.py:2699} INFO - BEGIN (implicit)
[16:11:36] {base.py:1843} INFO - SELECT tg_data.id, tg_data.chat_id, tg_data.status 
FROM tg_data
[16:11:36] {base.py:1843} INFO - [generated in 0.00041s] ()
[16:11:36] {base.py:2702} INFO - ROLLBACK
[16:11:36] {selector_events.py:1028} DEBUG - <_SelectorSocketTransport fd=13 read=polling write=<idle, bufsize=0>> received EOF
[16:11:36] {base_events.py:748} DEBUG - Close <_UnixSelectorEventLoop running=False closed=False debug=True>
[16:12:38] {selector_events.py:64} DEBUG - Using selector: EpollSelector
[16:12:38] {selector_events.py:64} DEBUG - Using selector: EpollSelector
[16:12:38] {base_events.py:919} DEBUG - Get address info localhost:5432, type=<SocketKind.SOCK_STREAM: 1>
[16:12:38] {base_events.py:929} DEBUG - Getting address info localhost:5432, type=<SocketKind.SOCK_STREAM: 1> took 1.739ms: [(<AddressFamily.AF_INET6: 10>, <SocketKind.SOCK_STREAM: 1>, 6, '', ('::1', 5432, 0, 0)), (<AddressFamily.AF_INET: 2>, <SocketKind.SOCK_STREAM: 1>, 6, '', ('127.0.0.1', 5432))]
[16:12:38] {base_events.py:1209} DEBUG - <asyncio.TransportSocket fd=13, family=10, type=1, proto=6, laddr=('::1', 45976, 0, 0), raddr=('::1', 5432, 0, 0)> connected to localhost:5432: (<_SelectorSocketTransport fd=13 read=polling write=<idle, bufsize=0>>, <asyncpg.connect_utils.TLSUpgradeProto object at 0x7f5a28b796a0>)
[16:12:38] {base.py:1843} INFO - select pg_catalog.version()
[16:12:38] {base.py:1843} INFO - [raw sql] ()
[16:12:38] {base.py:1843} INFO - select current_schema()
[16:12:38] {base.py:1843} INFO - [raw sql] ()
[16:12:38] {base.py:1843} INFO - show standard_conforming_strings
[16:12:38] {base.py:1843} INFO - [raw sql] ()
[16:12:38] {base.py:2699} INFO - BEGIN (implicit)
[16:12:38] {base.py:1843} INFO - SELECT pg_catalog.pg_class.relname 
FROM pg_catalog.pg_class JOIN pg_catalog.pg_namespace ON pg_catalog.pg_namespace.oid = pg_catalog.pg_class.relnamespace 
WHERE pg_catalog.pg_class.relname = $1::VARCHAR AND pg_catalog.pg_class.relkind = ANY (ARRAY[$2::VARCHAR, $3::VARCHAR, $4::VARCHAR, $5::VARCHAR, $6::VARCHAR]) AND pg_catalog.pg_table_is_visible(pg_catalog.pg_class.oid) AND pg_catalog.pg_namespace.nspname != $7::VARCHAR
[16:12:38] {base.py:1843} INFO - [generated in 0.00048s] ('tg_data', 'r', 'p', 'f', 'v', 'm', 'pg_catalog')
[16:12:38] {base.py:1843} INFO - 
DROP TABLE tg_data
[16:12:38] {base.py:1843} INFO - [no key 0.00033s] ()
[16:12:38] {base.py:1843} INFO - SELECT pg_catalog.pg_class.relname 
FROM pg_catalog.pg_class JOIN pg_catalog.pg_namespace ON pg_catalog.pg_namespace.oid = pg_catalog.pg_class.relnamespace 
WHERE pg_catalog.pg_class.relname = $1::VARCHAR AND pg_catalog.pg_class.relkind = ANY (ARRAY[$2::VARCHAR, $3::VARCHAR, $4::VARCHAR, $5::VARCHAR, $6::VARCHAR]) AND pg_catalog.pg_table_is_visible(pg_catalog.pg_class.oid) AND pg_catalog.pg_namespace.nspname != $7::VARCHAR
[16:12:38] {base.py:1843} INFO - [cached since 0.01052s ago] ('tg_data', 'r', 'p', 'f', 'v', 'm', 'pg_catalog')
[16:12:38] {base.py:1843} INFO - 
CREATE TABLE tg_data (
	id SERIAL NOT NULL, 
	chat_id INTEGER NOT NULL, 
	status VARCHAR(50), 
	PRIMARY KEY (id)
)


[16:12:38] {base.py:1843} INFO - [no key 0.00044s] ()
[16:12:38] {base.py:2705} INFO - COMMIT
[16:12:38] {base.py:2699} INFO - BEGIN (implicit)
[16:12:38] {base.py:1843} INFO - SELECT tg_data.id, tg_data.chat_id, tg_data.status 
FROM tg_data
[16:12:38] {base.py:1843} INFO - [generated in 0.00062s] ()
[16:12:38] {base.py:2702} INFO - ROLLBACK
[16:12:38] {selector_events.py:1028} DEBUG - <_SelectorSocketTransport fd=13 read=polling write=<idle, bufsize=0>> received EOF
[16:12:38] {base_events.py:748} DEBUG - Close <_UnixSelectorEventLoop running=False closed=False debug=True>
[16:12:38] {selector_events.py:64} DEBUG - Using selector: EpollSelector
[16:12:38] {base_events.py:919} DEBUG - Get address info localhost:5432, type=<SocketKind.SOCK_STREAM: 1>
[16:12:38] {base_events.py:929} DEBUG - Getting address info localhost:5432, type=<SocketKind.SOCK_STREAM: 1> took 0.275ms: [(<AddressFamily.AF_INET6: 10>, <SocketKind.SOCK_STREAM: 1>, 6, '', ('::1', 5432, 0, 0)), (<AddressFamily.AF_INET: 2>, <SocketKind.SOCK_STREAM: 1>, 6, '', ('127.0.0.1', 5432))]
[16:12:38] {base_events.py:1209} DEBUG - <asyncio.TransportSocket fd=13, family=10, type=1, proto=6, laddr=('::1', 45982, 0, 0), raddr=('::1', 5432, 0, 0)> connected to localhost:5432: (<_SelectorSocketTransport fd=13 read=polling write=<idle, bufsize=0>>, <asyncpg.connect_utils.TLSUpgradeProto object at 0x7f5a28b5b610>)
[16:12:38] {base.py:1843} INFO - select pg_catalog.version()
[16:12:38] {base.py:1843} INFO - [raw sql] ()
[16:12:38] {base.py:1843} INFO - select current_schema()
[16:12:38] {base.py:1843} INFO - [raw sql] ()
[16:12:38] {base.py:1843} INFO - show standard_conforming_strings
[16:12:38] {base.py:1843} INFO - [raw sql] ()
[16:12:38] {base.py:2699} INFO - BEGIN (implicit)
[16:12:38] {base.py:1843} INFO - SELECT pg_catalog.pg_class.relname 
FROM pg_catalog.pg_class JOIN pg_catalog.pg_namespace ON pg_catalog.pg_namespace.oid = pg_catalog.pg_class.relnamespace 
WHERE pg_catalog.pg_class.relname = $1::VARCHAR AND pg_catalog.pg_class.relkind = ANY (ARRAY[$2::VARCHAR, $3::VARCHAR, $4::VARCHAR, $5::VARCHAR, $6::VARCHAR]) AND pg_catalog.pg_table_is_visible(pg_catalog.pg_class.oid) AND pg_catalog.pg_namespace.nspname != $7::VARCHAR
[16:12:38] {base.py:1843} INFO - [generated in 0.00046s] ('tg_data', 'r', 'p', 'f', 'v', 'm', 'pg_catalog')
[16:12:38] {base.py:1843} INFO - 
DROP TABLE tg_data
[16:12:38] {base.py:1843} INFO - [no key 0.00036s] ()
[16:12:38] {base.py:1843} INFO - SELECT pg_catalog.pg_class.relname 
FROM pg_catalog.pg_class JOIN pg_catalog.pg_namespace ON pg_catalog.pg_namespace.oid = pg_catalog.pg_class.relnamespace 
WHERE pg_catalog.pg_class.relname = $1::VARCHAR AND pg_catalog.pg_class.relkind = ANY (ARRAY[$2::VARCHAR, $3::VARCHAR, $4::VARCHAR, $5::VARCHAR, $6::VARCHAR]) AND pg_catalog.pg_table_is_visible(pg_catalog.pg_class.oid) AND pg_catalog.pg_namespace.nspname != $7::VARCHAR
[16:12:38] {base.py:1843} INFO - [cached since 0.01336s ago] ('tg_data', 'r', 'p', 'f', 'v', 'm', 'pg_catalog')
[16:12:38] {base.py:1843} INFO - 
CREATE TABLE tg_data (
	id SERIAL NOT NULL, 
	chat_id INTEGER NOT NULL, 
	status VARCHAR(50), 
	PRIMARY KEY (id)
)


[16:12:38] {base.py:1843} INFO - [no key 0.00030s] ()
[16:12:38] {base.py:2705} INFO - COMMIT
[16:12:38] {base.py:2699} INFO - BEGIN (implicit)
[16:12:38] {base.py:1843} INFO - INSERT INTO tg_data (id, chat_id, status) VALUES ($1::INTEGER, $2::INTEGER, $3::VARCHAR)
[16:12:38] {base.py:1843} INFO - [generated in 0.00061s] (1, 567, None)
[16:12:38] {base.py:2705} INFO - COMMIT
[16:12:38] {base.py:2699} INFO - BEGIN (implicit)
[16:12:38] {base.py:1843} INFO - SELECT tg_data.id, tg_data.chat_id, tg_data.status 
FROM tg_data
[16:12:38] {base.py:1843} INFO - [generated in 0.00035s] ()
[16:12:38] {base.py:2702} INFO - ROLLBACK
[16:12:38] {selector_events.py:1028} DEBUG - <_SelectorSocketTransport fd=13 read=polling write=<idle, bufsize=0>> received EOF
[16:12:38] {base_events.py:748} DEBUG - Close <_UnixSelectorEventLoop running=False closed=False debug=True>
[16:15:09] {dispatcher.py:527} INFO - Start polling
[16:15:10] {dispatcher.py:341} INFO - Run polling for bot @alina_study2_bot id=8008525618 - 'bot_python_study2'
[16:15:22] {base.py:1843} INFO - select pg_catalog.version()
[16:15:22] {base.py:1843} INFO - [raw sql] ()
[16:15:22] {base.py:1843} INFO - select current_schema()
[16:15:22] {base.py:1843} INFO - [raw sql] ()
[16:15:22] {base.py:1843} INFO - show standard_conforming_strings
[16:15:22] {base.py:1843} INFO - [raw sql] ()
[16:15:22] {base.py:2699} INFO - BEGIN (implicit)
[16:15:22] {base.py:1843} INFO - SELECT tg_data.id, tg_data.chat_id, tg_data.status 
FROM tg_data
[16:15:22] {base.py:1843} INFO - [generated in 0.00026s] ()
[16:15:24] {dispatcher.py:172} INFO - Update id=875581637 is handled. Duration 1256 ms by bot id=8008525618
[16:15:24] {base.py:2702} INFO - ROLLBACK
[16:15:32] {base.py:2699} INFO - BEGIN (implicit)
[16:15:32] {base.py:1843} INFO - SELECT tg_data.id, tg_data.chat_id, tg_data.status 
FROM tg_data
[16:15:32] {base.py:1843} INFO - [cached since 9.676s ago] ()
[16:15:32] {dispatcher.py:172} INFO - Update id=875581638 is handled. Duration 249 ms by bot id=8008525618
[16:15:32] {base.py:2702} INFO - ROLLBACK
[16:15:56] {base.py:2699} INFO - BEGIN (implicit)
[16:15:56] {base.py:1843} INFO - SELECT tg_data.id, tg_data.chat_id, tg_data.status 
FROM tg_data
[16:15:56] {base.py:1843} INFO - [cached since 33.15s ago] ()
[16:15:56] {dispatcher.py:172} INFO - Update id=875581639 is handled. Duration 889 ms by bot id=8008525618
[16:15:57] {base.py:2702} INFO - ROLLBACK
[16:16:59] {base.py:2699} INFO - BEGIN (implicit)
[16:16:59] {base.py:1843} INFO - SELECT tg_data.id, tg_data.chat_id, tg_data.status 
FROM tg_data
[16:16:59] {base.py:1843} INFO - [cached since 96.87s ago] ()
[16:17:00] {dispatcher.py:172} INFO - Update id=875581640 is handled. Duration 616 ms by bot id=8008525618
[16:17:00] {base.py:2702} INFO - ROLLBACK
[16:23:06] {dispatcher.py:455} WARNING - Received SIGINT signal
[16:23:06] {dispatcher.py:359} INFO - Polling stopped for bot @alina_study2_bot id=8008525618 - 'bot_python_study2'
[16:23:06] {dispatcher.py:554} INFO - Polling stopped
